<?xml version="1.0" encoding="UTF-8"?>
<testsuite name="Tests.Service.Tests" tests="1" skipped="0" failures="0" errors="0" timestamp="2020-11-25T03:23:25" hostname="BRSP1W7Z9R2" time="3.647">
  <properties/>
  <testcase name="ShouldExtractAllRecords" classname="Tests.Service.Tests" time="3.647"/>
  <system-out><![CDATA[]]></system-out>
  <system-err><![CDATA[]]></system-err>
</testsuite>
