<?xml version="1.0" encoding="UTF-8"?>
<testsuite name="tests.SampleTest" tests="2" skipped="0" failures="0" errors="0" timestamp="2020-12-14T04:48:50" hostname="ROSSETTO-PC" time="0.86">
  <properties/>
  <testcase name="ShouldExtractAllRecords" classname="tests.SampleTest" time="0.597"/>
  <testcase name="ShouldExtractAllRecordsWithAlerts" classname="tests.SampleTest" time="0.262"/>
  <system-out><![CDATA[]]></system-out>
  <system-err><![CDATA[]]></system-err>
</testsuite>
